<?xml version="1.0" encoding="UTF-8"?>
<!-- Generated by org.testng.reporters.JUnitReportReporter -->
<testsuite hostname="Chandan-PC" name="cucumberOptions.TestRunner" tests="1" failures="0" timestamp="13 Jan 2021 00:14:32 GMT" time="40.521" errors="0">
  <testcase name="feature" time="40.521" classname="cucumberOptions.TestRunner"/>
</testsuite> <!-- cucumberOptions.TestRunner -->
